{"/Users/benhalverson/projects/TDDJavascript/cash.js":{"path":"/Users/benhalverson/projects/TDDJavascript/cash.js","s":{"1":1,"2":1,"3":1,"4":4,"5":4,"6":48,"7":48,"8":12,"9":12,"10":14,"11":14,"12":4,"13":1},"b":{"1":[12,36]},"f":{"1":4},"fnMap":{"1":{"name":"(anonymous_1)","line":5,"loc":{"start":{"line":5,"column":17},"end":{"line":5,"column":51}}}},"statementMap":{"1":{"start":{"line":1,"column":0},"end":{"line":1,"column":14}},"2":{"start":{"line":2,"column":0},"end":{"line":2,"column":68}},"3":{"start":{"line":5,"column":0},"end":{"line":25,"column":2}},"4":{"start":{"line":8,"column":4},"end":{"line":9,"column":40}},"5":{"start":{"line":10,"column":4},"end":{"line":22,"column":5}},"6":{"start":{"line":11,"column":8},"end":{"line":11,"column":33}},"7":{"start":{"line":13,"column":8},"end":{"line":21,"column":9}},"8":{"start":{"line":14,"column":12},"end":{"line":14,"column":51}},"9":{"start":{"line":17,"column":12},"end":{"line":20,"column":13}},"10":{"start":{"line":18,"column":16},"end":{"line":18,"column":34}},"11":{"start":{"line":19,"column":16},"end":{"line":19,"column":45}},"12":{"start":{"line":24,"column":4},"end":{"line":24,"column":18}},"13":{"start":{"line":27,"column":0},"end":{"line":27,"column":22}}},"branchMap":{"1":{"line":13,"type":"if","locations":[{"start":{"line":13,"column":8},"end":{"line":13,"column":8}},{"start":{"line":13,"column":8},"end":{"line":13,"column":8}}]}}}}